2025-02-20T14:52:51.443-03:00  INFO 708 --- [libraryapi] [main] i.g.i.libraryapi.LibraryapiApplication   : Starting LibraryapiApplication using Java 21.0.1 with PID 708 (C:\Users\Igor\Desktop\projetos-spring\libraryapi\target\classes started by Igor in C:\Users\Igor\Desktop\projetos-spring\libraryapi)
2025-02-20T14:52:51.445-03:00 DEBUG 708 --- [libraryapi] [main] i.g.i.libraryapi.LibraryapiApplication   : Running with Spring Boot v3.4.1, Spring v6.2.1
2025-02-20T14:52:51.445-03:00  INFO 708 --- [libraryapi] [main] i.g.i.libraryapi.LibraryapiApplication   : No active profile set, falling back to 1 default profile: "default"
2025-02-20T14:52:54.206-03:00  WARN 708 --- [libraryapi] [main] org.hibernate.orm.deprecation            : HHH90000025: PostgreSQLDialect does not need to be specified explicitly using 'hibernate.dialect' (remove the property setting and it will be selected by default)
2025-02-20T14:52:55.539-03:00 DEBUG 708 --- [libraryapi] [main] i.g.i.l.s.JwtCustomAuthenticationFilter  : Filter 'jwtCustomAuthenticationFilter' configured for use
2025-02-20T14:52:56.387-03:00  WARN 708 --- [libraryapi] [main] JpaBaseConfiguration$JpaWebConfiguration : spring.jpa.open-in-view is enabled by default. Therefore, database queries may be performed during view rendering. Explicitly configure spring.jpa.open-in-view to disable this warning
2025-02-20T14:52:57.270-03:00  WARN 708 --- [libraryapi] [main] o.s.s.c.a.web.builders.WebSecurity       : You are asking Spring Security to ignore Deferred [Mvc [pattern='/v2/api-docs/**'], Ant [pattern='/v2/api-docs/**']]. This is not recommended -- please use permitAll via HttpSecurity#authorizeHttpRequests instead.
2025-02-20T14:52:57.270-03:00  WARN 708 --- [libraryapi] [main] o.s.s.c.a.web.builders.WebSecurity       : You are asking Spring Security to ignore Deferred [Mvc [pattern='/v3/api-docs/**'], Ant [pattern='/v3/api-docs/**']]. This is not recommended -- please use permitAll via HttpSecurity#authorizeHttpRequests instead.
2025-02-20T14:52:57.271-03:00  WARN 708 --- [libraryapi] [main] o.s.s.c.a.web.builders.WebSecurity       : You are asking Spring Security to ignore Deferred [Mvc [pattern='/swagger-resources/**'], Ant [pattern='/swagger-resources/**']]. This is not recommended -- please use permitAll via HttpSecurity#authorizeHttpRequests instead.
2025-02-20T14:52:57.271-03:00  WARN 708 --- [libraryapi] [main] o.s.s.c.a.web.builders.WebSecurity       : You are asking Spring Security to ignore Deferred [Mvc [pattern='/swagger-ui.html'], Ant [pattern='/swagger-ui.html']]. This is not recommended -- please use permitAll via HttpSecurity#authorizeHttpRequests instead.
2025-02-20T14:52:57.271-03:00  WARN 708 --- [libraryapi] [main] o.s.s.c.a.web.builders.WebSecurity       : You are asking Spring Security to ignore Deferred [Mvc [pattern='/swagger-ui/**'], Ant [pattern='/swagger-ui/**']]. This is not recommended -- please use permitAll via HttpSecurity#authorizeHttpRequests instead.
2025-02-20T14:52:57.271-03:00  WARN 708 --- [libraryapi] [main] o.s.s.c.a.web.builders.WebSecurity       : You are asking Spring Security to ignore Deferred [Mvc [pattern='/webjars/**'], Ant [pattern='/webjars/**']]. This is not recommended -- please use permitAll via HttpSecurity#authorizeHttpRequests instead.
2025-02-20T14:52:57.271-03:00  WARN 708 --- [libraryapi] [main] o.s.s.c.a.web.builders.WebSecurity       : You are asking Spring Security to ignore Deferred [Mvc [pattern='/actuator/**'], Ant [pattern='/actuator/**']]. This is not recommended -- please use permitAll via HttpSecurity#authorizeHttpRequests instead.
2025-02-20T14:52:57.893-03:00  INFO 708 --- [libraryapi] [main] i.g.i.libraryapi.LibraryapiApplication   : Started LibraryapiApplication in 6.869 seconds (process running for 7.198)
2025-02-20T17:46:50.473-03:00  INFO 16448 --- [libraryapi] [main] i.g.i.libraryapi.LibraryapiApplication   : Starting LibraryapiApplication v0.0.1-SNAPSHOT using Java 22 with PID 16448 (C:\Users\Igor\Desktop\projetos-spring\libraryapi\target\libraryapi-0.0.1-SNAPSHOT.jar started by Igor in C:\Users\Igor\Desktop\projetos-spring\libraryapi)
2025-02-20T17:46:50.475-03:00 DEBUG 16448 --- [libraryapi] [main] i.g.i.libraryapi.LibraryapiApplication   : Running with Spring Boot v3.4.1, Spring v6.2.1
2025-02-20T17:46:50.476-03:00  INFO 16448 --- [libraryapi] [main] i.g.i.libraryapi.LibraryapiApplication   : No active profile set, falling back to 1 default profile: "default"
2025-02-20T17:46:52.876-03:00  WARN 16448 --- [libraryapi] [main] org.hibernate.orm.deprecation            : HHH90000025: PostgreSQLDialect does not need to be specified explicitly using 'hibernate.dialect' (remove the property setting and it will be selected by default)
2025-02-20T17:46:54.100-03:00 DEBUG 16448 --- [libraryapi] [main] i.g.i.l.s.JwtCustomAuthenticationFilter  : Filter 'jwtCustomAuthenticationFilter' configured for use
2025-02-20T17:46:54.856-03:00  WARN 16448 --- [libraryapi] [main] JpaBaseConfiguration$JpaWebConfiguration : spring.jpa.open-in-view is enabled by default. Therefore, database queries may be performed during view rendering. Explicitly configure spring.jpa.open-in-view to disable this warning
2025-02-20T17:46:55.683-03:00  WARN 16448 --- [libraryapi] [main] o.s.s.c.a.web.builders.WebSecurity       : You are asking Spring Security to ignore Deferred [Mvc [pattern='/v2/api-docs/**'], Ant [pattern='/v2/api-docs/**']]. This is not recommended -- please use permitAll via HttpSecurity#authorizeHttpRequests instead.
2025-02-20T17:46:55.684-03:00  WARN 16448 --- [libraryapi] [main] o.s.s.c.a.web.builders.WebSecurity       : You are asking Spring Security to ignore Deferred [Mvc [pattern='/v3/api-docs/**'], Ant [pattern='/v3/api-docs/**']]. This is not recommended -- please use permitAll via HttpSecurity#authorizeHttpRequests instead.
2025-02-20T17:46:55.684-03:00  WARN 16448 --- [libraryapi] [main] o.s.s.c.a.web.builders.WebSecurity       : You are asking Spring Security to ignore Deferred [Mvc [pattern='/swagger-resources/**'], Ant [pattern='/swagger-resources/**']]. This is not recommended -- please use permitAll via HttpSecurity#authorizeHttpRequests instead.
2025-02-20T17:46:55.684-03:00  WARN 16448 --- [libraryapi] [main] o.s.s.c.a.web.builders.WebSecurity       : You are asking Spring Security to ignore Deferred [Mvc [pattern='/swagger-ui.html'], Ant [pattern='/swagger-ui.html']]. This is not recommended -- please use permitAll via HttpSecurity#authorizeHttpRequests instead.
2025-02-20T17:46:55.684-03:00  WARN 16448 --- [libraryapi] [main] o.s.s.c.a.web.builders.WebSecurity       : You are asking Spring Security to ignore Deferred [Mvc [pattern='/swagger-ui/**'], Ant [pattern='/swagger-ui/**']]. This is not recommended -- please use permitAll via HttpSecurity#authorizeHttpRequests instead.
2025-02-20T17:46:55.684-03:00  WARN 16448 --- [libraryapi] [main] o.s.s.c.a.web.builders.WebSecurity       : You are asking Spring Security to ignore Deferred [Mvc [pattern='/webjars/**'], Ant [pattern='/webjars/**']]. This is not recommended -- please use permitAll via HttpSecurity#authorizeHttpRequests instead.
2025-02-20T17:46:55.684-03:00  WARN 16448 --- [libraryapi] [main] o.s.s.c.a.web.builders.WebSecurity       : You are asking Spring Security to ignore Deferred [Mvc [pattern='/actuator/**'], Ant [pattern='/actuator/**']]. This is not recommended -- please use permitAll via HttpSecurity#authorizeHttpRequests instead.
2025-02-20T17:46:56.252-03:00  INFO 16448 --- [libraryapi] [main] i.g.i.libraryapi.LibraryapiApplication   : Started LibraryapiApplication in 6.217 seconds (process running for 6.667)
2025-02-20T21:06:06.592-03:00  INFO 20356 --- [libraryapi] [main] i.g.i.l.LibraryapiApplicationTests       : Starting LibraryapiApplicationTests using Java 22 with PID 20356 (started by Igor in C:\Users\Igor\Desktop\projetos-spring\libraryapi)
2025-02-20T21:06:06.593-03:00 DEBUG 20356 --- [libraryapi] [main] i.g.i.l.LibraryapiApplicationTests       : Running with Spring Boot v3.4.1, Spring v6.2.1
2025-02-20T21:06:06.593-03:00  INFO 20356 --- [libraryapi] [main] i.g.i.l.LibraryapiApplicationTests       : No active profile set, falling back to 1 default profile: "default"
2025-02-20T21:06:08.672-03:00  WARN 20356 --- [libraryapi] [main] org.hibernate.orm.deprecation            : HHH90000025: PostgreSQLDialect does not need to be specified explicitly using 'hibernate.dialect' (remove the property setting and it will be selected by default)
2025-02-20T21:06:10.603-03:00  WARN 20356 --- [libraryapi] [main] JpaBaseConfiguration$JpaWebConfiguration : spring.jpa.open-in-view is enabled by default. Therefore, database queries may be performed during view rendering. Explicitly configure spring.jpa.open-in-view to disable this warning
2025-02-20T21:06:11.545-03:00  WARN 20356 --- [libraryapi] [main] o.s.s.c.a.web.builders.WebSecurity       : You are asking Spring Security to ignore Deferred [Mvc [pattern='/v2/api-docs/**'], Ant [pattern='/v2/api-docs/**']]. This is not recommended -- please use permitAll via HttpSecurity#authorizeHttpRequests instead.
2025-02-20T21:06:11.545-03:00  WARN 20356 --- [libraryapi] [main] o.s.s.c.a.web.builders.WebSecurity       : You are asking Spring Security to ignore Deferred [Mvc [pattern='/v3/api-docs/**'], Ant [pattern='/v3/api-docs/**']]. This is not recommended -- please use permitAll via HttpSecurity#authorizeHttpRequests instead.
2025-02-20T21:06:11.546-03:00  WARN 20356 --- [libraryapi] [main] o.s.s.c.a.web.builders.WebSecurity       : You are asking Spring Security to ignore Deferred [Mvc [pattern='/swagger-resources/**'], Ant [pattern='/swagger-resources/**']]. This is not recommended -- please use permitAll via HttpSecurity#authorizeHttpRequests instead.
2025-02-20T21:06:11.546-03:00  WARN 20356 --- [libraryapi] [main] o.s.s.c.a.web.builders.WebSecurity       : You are asking Spring Security to ignore Deferred [Mvc [pattern='/swagger-ui.html'], Ant [pattern='/swagger-ui.html']]. This is not recommended -- please use permitAll via HttpSecurity#authorizeHttpRequests instead.
2025-02-20T21:06:11.546-03:00  WARN 20356 --- [libraryapi] [main] o.s.s.c.a.web.builders.WebSecurity       : You are asking Spring Security to ignore Deferred [Mvc [pattern='/swagger-ui/**'], Ant [pattern='/swagger-ui/**']]. This is not recommended -- please use permitAll via HttpSecurity#authorizeHttpRequests instead.
2025-02-20T21:06:11.546-03:00  WARN 20356 --- [libraryapi] [main] o.s.s.c.a.web.builders.WebSecurity       : You are asking Spring Security to ignore Deferred [Mvc [pattern='/webjars/**'], Ant [pattern='/webjars/**']]. This is not recommended -- please use permitAll via HttpSecurity#authorizeHttpRequests instead.
2025-02-20T21:06:11.546-03:00  WARN 20356 --- [libraryapi] [main] o.s.s.c.a.web.builders.WebSecurity       : You are asking Spring Security to ignore Deferred [Mvc [pattern='/actuator/**'], Ant [pattern='/actuator/**']]. This is not recommended -- please use permitAll via HttpSecurity#authorizeHttpRequests instead.
2025-02-20T21:06:12.036-03:00  INFO 20356 --- [libraryapi] [main] i.g.i.l.LibraryapiApplicationTests       : Started LibraryapiApplicationTests in 5.747 seconds (process running for 6.663)
2025-02-20T21:06:12.818-03:00  WARN 20356 --- [libraryapi] [main] o.h.engine.jdbc.spi.SqlExceptionHelper   : SQL Error: 0, SQLState: 23502
2025-02-20T21:06:12.818-03:00 ERROR 20356 --- [libraryapi] [main] o.h.engine.jdbc.spi.SqlExceptionHelper   : ERROR: null value in column "id_autor" of relation "livro" violates not-null constraint
  Detalhe: Failing row contains (8f01a899-6db4-48da-93d7-831c89c14854, 9783127323207, Os Irmãos Karamazov, 1867-11-15, ROMANCE, 100.00, 2025-02-20 21:06:12.812654, 2025-02-20 21:06:12.812654, null, null).
2025-02-20T21:26:03.216-03:00  INFO 14028 --- [libraryapi] [main] i.g.i.libraryapi.LibraryapiApplication   : Starting LibraryapiApplication using Java 21.0.1 with PID 14028 (C:\Users\Igor\Desktop\projetos-spring\libraryapi\target\classes started by Igor in C:\Users\Igor\Desktop\projetos-spring\libraryapi)
2025-02-20T21:26:03.218-03:00 DEBUG 14028 --- [libraryapi] [main] i.g.i.libraryapi.LibraryapiApplication   : Running with Spring Boot v3.4.1, Spring v6.2.1
2025-02-20T21:26:03.219-03:00  INFO 14028 --- [libraryapi] [main] i.g.i.libraryapi.LibraryapiApplication   : No active profile set, falling back to 1 default profile: "default"
2025-02-20T21:26:05.507-03:00  WARN 14028 --- [libraryapi] [main] org.hibernate.orm.deprecation            : HHH90000025: PostgreSQLDialect does not need to be specified explicitly using 'hibernate.dialect' (remove the property setting and it will be selected by default)
2025-02-20T21:26:06.679-03:00 DEBUG 14028 --- [libraryapi] [main] i.g.i.l.s.JwtCustomAuthenticationFilter  : Filter 'jwtCustomAuthenticationFilter' configured for use
2025-02-20T21:26:07.401-03:00  WARN 14028 --- [libraryapi] [main] JpaBaseConfiguration$JpaWebConfiguration : spring.jpa.open-in-view is enabled by default. Therefore, database queries may be performed during view rendering. Explicitly configure spring.jpa.open-in-view to disable this warning
2025-02-20T21:26:08.295-03:00  WARN 14028 --- [libraryapi] [main] o.s.s.c.a.web.builders.WebSecurity       : You are asking Spring Security to ignore Deferred [Mvc [pattern='/v2/api-docs/**'], Ant [pattern='/v2/api-docs/**']]. This is not recommended -- please use permitAll via HttpSecurity#authorizeHttpRequests instead.
2025-02-20T21:26:08.295-03:00  WARN 14028 --- [libraryapi] [main] o.s.s.c.a.web.builders.WebSecurity       : You are asking Spring Security to ignore Deferred [Mvc [pattern='/v3/api-docs/**'], Ant [pattern='/v3/api-docs/**']]. This is not recommended -- please use permitAll via HttpSecurity#authorizeHttpRequests instead.
2025-02-20T21:26:08.295-03:00  WARN 14028 --- [libraryapi] [main] o.s.s.c.a.web.builders.WebSecurity       : You are asking Spring Security to ignore Deferred [Mvc [pattern='/swagger-resources/**'], Ant [pattern='/swagger-resources/**']]. This is not recommended -- please use permitAll via HttpSecurity#authorizeHttpRequests instead.
2025-02-20T21:26:08.296-03:00  WARN 14028 --- [libraryapi] [main] o.s.s.c.a.web.builders.WebSecurity       : You are asking Spring Security to ignore Deferred [Mvc [pattern='/swagger-ui.html'], Ant [pattern='/swagger-ui.html']]. This is not recommended -- please use permitAll via HttpSecurity#authorizeHttpRequests instead.
2025-02-20T21:26:08.296-03:00  WARN 14028 --- [libraryapi] [main] o.s.s.c.a.web.builders.WebSecurity       : You are asking Spring Security to ignore Deferred [Mvc [pattern='/swagger-ui/**'], Ant [pattern='/swagger-ui/**']]. This is not recommended -- please use permitAll via HttpSecurity#authorizeHttpRequests instead.
2025-02-20T21:26:08.296-03:00  WARN 14028 --- [libraryapi] [main] o.s.s.c.a.web.builders.WebSecurity       : You are asking Spring Security to ignore Deferred [Mvc [pattern='/webjars/**'], Ant [pattern='/webjars/**']]. This is not recommended -- please use permitAll via HttpSecurity#authorizeHttpRequests instead.
2025-02-20T21:26:08.296-03:00  WARN 14028 --- [libraryapi] [main] o.s.s.c.a.web.builders.WebSecurity       : You are asking Spring Security to ignore Deferred [Mvc [pattern='/actuator/**'], Ant [pattern='/actuator/**']]. This is not recommended -- please use permitAll via HttpSecurity#authorizeHttpRequests instead.
2025-02-20T21:26:08.897-03:00  INFO 14028 --- [libraryapi] [main] i.g.i.libraryapi.LibraryapiApplication   : Started LibraryapiApplication in 6.041 seconds (process running for 6.3)
2025-02-20T22:03:12.140-03:00  INFO 10992 --- [libraryapi] [main] i.g.i.libraryapi.LibraryapiApplication   : Starting LibraryapiApplication v0.0.1-SNAPSHOT using Java 22 with PID 10992 (C:\Users\Igor\Desktop\projetos-spring\libraryapi\target\libraryapi-0.0.1-SNAPSHOT.jar started by Igor in C:\Users\Igor\Desktop\projetos-spring\libraryapi)
2025-02-20T22:03:12.142-03:00 DEBUG 10992 --- [libraryapi] [main] i.g.i.libraryapi.LibraryapiApplication   : Running with Spring Boot v3.4.1, Spring v6.2.1
2025-02-20T22:03:12.143-03:00  INFO 10992 --- [libraryapi] [main] i.g.i.libraryapi.LibraryapiApplication   : No active profile set, falling back to 1 default profile: "default"
2025-02-20T22:03:14.553-03:00  WARN 10992 --- [libraryapi] [main] org.hibernate.orm.deprecation            : HHH90000025: PostgreSQLDialect does not need to be specified explicitly using 'hibernate.dialect' (remove the property setting and it will be selected by default)
2025-02-20T22:03:15.829-03:00 DEBUG 10992 --- [libraryapi] [main] i.g.i.l.s.JwtCustomAuthenticationFilter  : Filter 'jwtCustomAuthenticationFilter' configured for use
2025-02-20T22:03:16.543-03:00  WARN 10992 --- [libraryapi] [main] JpaBaseConfiguration$JpaWebConfiguration : spring.jpa.open-in-view is enabled by default. Therefore, database queries may be performed during view rendering. Explicitly configure spring.jpa.open-in-view to disable this warning
2025-02-20T22:03:17.407-03:00  WARN 10992 --- [libraryapi] [main] o.s.s.c.a.web.builders.WebSecurity       : You are asking Spring Security to ignore Deferred [Mvc [pattern='/v2/api-docs/**'], Ant [pattern='/v2/api-docs/**']]. This is not recommended -- please use permitAll via HttpSecurity#authorizeHttpRequests instead.
2025-02-20T22:03:17.407-03:00  WARN 10992 --- [libraryapi] [main] o.s.s.c.a.web.builders.WebSecurity       : You are asking Spring Security to ignore Deferred [Mvc [pattern='/v3/api-docs/**'], Ant [pattern='/v3/api-docs/**']]. This is not recommended -- please use permitAll via HttpSecurity#authorizeHttpRequests instead.
2025-02-20T22:03:17.408-03:00  WARN 10992 --- [libraryapi] [main] o.s.s.c.a.web.builders.WebSecurity       : You are asking Spring Security to ignore Deferred [Mvc [pattern='/swagger-resources/**'], Ant [pattern='/swagger-resources/**']]. This is not recommended -- please use permitAll via HttpSecurity#authorizeHttpRequests instead.
2025-02-20T22:03:17.408-03:00  WARN 10992 --- [libraryapi] [main] o.s.s.c.a.web.builders.WebSecurity       : You are asking Spring Security to ignore Deferred [Mvc [pattern='/swagger-ui.html'], Ant [pattern='/swagger-ui.html']]. This is not recommended -- please use permitAll via HttpSecurity#authorizeHttpRequests instead.
2025-02-20T22:03:17.408-03:00  WARN 10992 --- [libraryapi] [main] o.s.s.c.a.web.builders.WebSecurity       : You are asking Spring Security to ignore Deferred [Mvc [pattern='/swagger-ui/**'], Ant [pattern='/swagger-ui/**']]. This is not recommended -- please use permitAll via HttpSecurity#authorizeHttpRequests instead.
2025-02-20T22:03:17.408-03:00  WARN 10992 --- [libraryapi] [main] o.s.s.c.a.web.builders.WebSecurity       : You are asking Spring Security to ignore Deferred [Mvc [pattern='/webjars/**'], Ant [pattern='/webjars/**']]. This is not recommended -- please use permitAll via HttpSecurity#authorizeHttpRequests instead.
2025-02-20T22:03:17.408-03:00  WARN 10992 --- [libraryapi] [main] o.s.s.c.a.web.builders.WebSecurity       : You are asking Spring Security to ignore Deferred [Mvc [pattern='/actuator/**'], Ant [pattern='/actuator/**']]. This is not recommended -- please use permitAll via HttpSecurity#authorizeHttpRequests instead.
2025-02-20T22:03:18.011-03:00  INFO 10992 --- [libraryapi] [main] i.g.i.libraryapi.LibraryapiApplication   : Started LibraryapiApplication in 6.303 seconds (process running for 6.695)
2025-02-20T22:11:24.130-03:00  INFO 23376 --- [libraryapi] [main] i.g.i.libraryapi.LibraryapiApplication   : Starting LibraryapiApplication v0.0.1-SNAPSHOT using Java 22 with PID 23376 (C:\Users\Igor\Desktop\projetos-spring\libraryapi\target\libraryapi-0.0.1-SNAPSHOT.jar started by Igor in C:\Users\Igor\Desktop\projetos-spring\libraryapi)
2025-02-20T22:11:24.132-03:00 DEBUG 23376 --- [libraryapi] [main] i.g.i.libraryapi.LibraryapiApplication   : Running with Spring Boot v3.4.1, Spring v6.2.1
2025-02-20T22:11:24.133-03:00  INFO 23376 --- [libraryapi] [main] i.g.i.libraryapi.LibraryapiApplication   : No active profile set, falling back to 1 default profile: "default"
2025-02-20T22:11:26.444-03:00  WARN 23376 --- [libraryapi] [main] org.hibernate.orm.deprecation            : HHH90000025: PostgreSQLDialect does not need to be specified explicitly using 'hibernate.dialect' (remove the property setting and it will be selected by default)
2025-02-20T22:11:27.745-03:00 DEBUG 23376 --- [libraryapi] [main] i.g.i.l.s.JwtCustomAuthenticationFilter  : Filter 'jwtCustomAuthenticationFilter' configured for use
2025-02-20T22:11:28.519-03:00  WARN 23376 --- [libraryapi] [main] JpaBaseConfiguration$JpaWebConfiguration : spring.jpa.open-in-view is enabled by default. Therefore, database queries may be performed during view rendering. Explicitly configure spring.jpa.open-in-view to disable this warning
2025-02-20T22:11:29.312-03:00  WARN 23376 --- [libraryapi] [main] o.s.s.c.a.web.builders.WebSecurity       : You are asking Spring Security to ignore Deferred [Mvc [pattern='/v2/api-docs/**'], Ant [pattern='/v2/api-docs/**']]. This is not recommended -- please use permitAll via HttpSecurity#authorizeHttpRequests instead.
2025-02-20T22:11:29.312-03:00  WARN 23376 --- [libraryapi] [main] o.s.s.c.a.web.builders.WebSecurity       : You are asking Spring Security to ignore Deferred [Mvc [pattern='/v3/api-docs/**'], Ant [pattern='/v3/api-docs/**']]. This is not recommended -- please use permitAll via HttpSecurity#authorizeHttpRequests instead.
2025-02-20T22:11:29.313-03:00  WARN 23376 --- [libraryapi] [main] o.s.s.c.a.web.builders.WebSecurity       : You are asking Spring Security to ignore Deferred [Mvc [pattern='/swagger-resources/**'], Ant [pattern='/swagger-resources/**']]. This is not recommended -- please use permitAll via HttpSecurity#authorizeHttpRequests instead.
2025-02-20T22:11:29.313-03:00  WARN 23376 --- [libraryapi] [main] o.s.s.c.a.web.builders.WebSecurity       : You are asking Spring Security to ignore Deferred [Mvc [pattern='/swagger-ui.html'], Ant [pattern='/swagger-ui.html']]. This is not recommended -- please use permitAll via HttpSecurity#authorizeHttpRequests instead.
2025-02-20T22:11:29.313-03:00  WARN 23376 --- [libraryapi] [main] o.s.s.c.a.web.builders.WebSecurity       : You are asking Spring Security to ignore Deferred [Mvc [pattern='/swagger-ui/**'], Ant [pattern='/swagger-ui/**']]. This is not recommended -- please use permitAll via HttpSecurity#authorizeHttpRequests instead.
2025-02-20T22:11:29.313-03:00  WARN 23376 --- [libraryapi] [main] o.s.s.c.a.web.builders.WebSecurity       : You are asking Spring Security to ignore Deferred [Mvc [pattern='/webjars/**'], Ant [pattern='/webjars/**']]. This is not recommended -- please use permitAll via HttpSecurity#authorizeHttpRequests instead.
2025-02-20T22:11:29.313-03:00  WARN 23376 --- [libraryapi] [main] o.s.s.c.a.web.builders.WebSecurity       : You are asking Spring Security to ignore Deferred [Mvc [pattern='/actuator/**'], Ant [pattern='/actuator/**']]. This is not recommended -- please use permitAll via HttpSecurity#authorizeHttpRequests instead.
2025-02-20T22:11:29.879-03:00  INFO 23376 --- [libraryapi] [main] i.g.i.libraryapi.LibraryapiApplication   : Started LibraryapiApplication in 6.175 seconds (process running for 6.554)
